<?xml version="1.0" encoding="UTF-8"?>
<!-- Generated by org.testng.reporters.JUnitReportReporter -->
<testsuite hostname="DESKTOP-1Q422LH" failures="0" tests="1" name="pages.HomePage" time="0.013" errors="0" timestamp="2021-05-06T21:48:53 IDT" skipped="0">
  <testcase classname="pages.HomePage" name="test" time="0.013"/>
  <system-out/>
</testsuite> <!-- pages.HomePage -->
