<?xml version="1.0" encoding="UTF-8"?>
<!-- Generated by org.testng.reporters.JUnitReportReporter -->
<testsuite hostname="DESKTOP-1Q422LH" failures="0" tests="1" name="Pages.SVhomePage" time="0.018" errors="0" timestamp="2021-05-06T21:45:44 IDT" skipped="0">
  <testcase classname="Pages.SVhomePage" name="test" time="0.018"/>
  <system-out/>
</testsuite> <!-- Pages.SVhomePage -->
