<?xml version="1.0" encoding="UTF-8"?>
<!-- Generated by org.testng.reporters.JUnitReportReporter -->
<testsuite hostname="DESKTOP-1Q422LH" failures="0" tests="15" name="Tests.TestRun" time="237.763" errors="0" timestamp="2021-06-01T16:37:59 IDT" skipped="0">
  <testcase classname="Tests.TestRun" name="QAcoursePageFaQFunctional" time="10.498"/>
  <system-out/>
  <testcase classname="Tests.TestRun" name="QAcourseFooterLinksClickabilityFunctional" time="12.222"/>
  <system-out/>
  <testcase classname="Tests.TestRun" name="quickContactSanity" time="7.219"/>
  <system-out/>
  <testcase classname="Tests.TestRun" name="getContentThroughNavBar" time="26.037"/>
  <system-out/>
  <testcase classname="Tests.TestRun" name="HomePageVerifyElementsClickability" time="44.919"/>
  <system-out/>
  <testcase classname="Tests.TestRun" name="QaCoursePageButtonsFunctionality" time="8.340"/>
  <system-out/>
  <testcase classname="Tests.TestRun" name="applyToAutomationHybridCourse" time="13.542"/>
  <system-out/>
  <testcase classname="Tests.TestRun" name="chatBotSendMsg" time="26.047"/>
  <system-out/>
  <testcase classname="Tests.TestRun" name="exploreAutomationSyllabuses" time="13.355"/>
  <system-out/>
  <testcase classname="Tests.TestRun" name="integrations" time="8.985"/>
  <system-out/>
  <testcase classname="Tests.TestRun" name="HitechPageTextLinksVerify" time="19.410"/>
  <system-out/>
  <testcase classname="Tests.TestRun" name="applyFromNextAndPreviousCourses" time="16.485"/>
  <system-out/>
  <testcase classname="Tests.TestRun" name="CoursesPageMoreCoursesContentVerify" time="14.229"/>
  <system-out/>
  <testcase classname="Tests.TestRun" name="checkPopularCoursesURlWithHttpConnectionAPI" time="9.708"/>
  <system-out/>
  <testcase classname="Tests.TestRun" name="HomePageApplyForConsultationInputsAndSendBTN" time="6.767"/>
  <system-out/>
</testsuite> <!-- Tests.TestRun -->
